Arguments: 
  C:\Program Files\nodejs\node.exe C:\Users\clong\AppData\Roaming\npm\node_modules\yarn\bin\yarn.js add joi

PATH: 
  C:\Windows\system32;C:\Windows;C:\Windows\System32\Wbem;C:\Windows\System32\WindowsPowerShell\v1.0\;C:\Windows\System32\OpenSSH\;C:\Program Files\TortoiseSVN\bin;C:\Program Files\PuTTY\;D:\soft\Git\cmd;C:\Users\clong\AppData\Roaming\nvm;C:\Program Files\nodejs;C:\Go\bin;C:\Users\clong\AppData\Local\Microsoft\WindowsApps;D:\soft\Microsoft VS Code\bin;C:\Users\clong\AppData\Roaming\npm;C:\Users\clong\AppData\Roaming\nvm;C:\Program Files\nodejs;C:\Users\clong\go\bin

Yarn version: 
  1.22.0

Node version: 
  12.16.1

Platform: 
  win32 x64

Trace: 
  Error: connect ETIMEDOUT 104.16.24.35:443
      at TCPConnectWrap.afterConnect [as oncomplete] (net.js:1137:16)

npm manifest: 
  {
    "name": "validate-param",
    "version": "0.0.1",
    "keywords": [
      "validate"
    ],
    "description": "validate param by decorator",
    "main": "index.js",
    "scripts": {
      "test": "echo \"Error: no test specified\" && exit 1"
    },
    "repository": {
      "type": "git",
      "url": "git+https://github.com/chenlong-frontend/validate-param.git"
    },
    "author": "chenlong",
    "license": "ISC",
    "bugs": {
      "url": "https://github.com/chenlong-frontend/validate-param/issues"
    },
    "homepage": "https://github.com/chenlong-frontend/validate-param#readme",
    "dependencies": {
      "reflect-metadata": "^0.1.13"
    }
  }

yarn manifest: 
  No manifest

Lockfile: 
  # THIS IS AN AUTOGENERATED FILE. DO NOT EDIT THIS FILE DIRECTLY.
  # yarn lockfile v1
  
  
  reflect-metadata@^0.1.13:
    version "0.1.13"
    resolved "https://registry.npmjs.org/reflect-metadata/-/reflect-metadata-0.1.13.tgz#67ae3ca57c972a2aa1642b10fe363fe32d49dc08"
    integrity sha512-Ts1Y/anZELhSsjMcU605fU9RE4Oi3p5ORujwbIKXfWa+0Zxs510Qrmrce5/Jowq3cHSZSJqBjypxmHarc+vEWg==
